<?xml version="1.0" encoding="UTF-8"?>
<!-- Generated by org.testng.reporters.JUnitReportReporter -->
<testsuite hostname="Hanuman" failures="0" tests="5" name="TestClasses.TCLoginToAmazon" time="120.516" errors="0" timestamp="2025-07-12T22:07:46 IST" skipped="0">
  <testcase classname="TestClasses.TCLoginToAmazon" name="verifylogin" time="40.469"/>
  <system-out>
    <![CDATA[user is logged in]]>
  </system-out>
  <testcase classname="TestClasses.TCLoginToAmazon" name="verifyaddproducttocard" time="29.743"/>
  <system-out>
    <![CDATA[Produdct added to card]]>
  </system-out>
  <testcase classname="TestClasses.TCLoginToAmazon" name="verifyAddAddress" time="17.836"/>
  <system-out/>
  <testcase classname="TestClasses.TCLoginToAmazon" name="verifyDeleteAddress" time="10.760"/>
  <system-out/>
  <testcase classname="TestClasses.TCLoginToAmazon" name="verifyRemoveProduct" time="21.708"/>
  <system-out>
    <![CDATA[Product deleted successfully]]>
  </system-out>
</testsuite> <!-- TestClasses.TCLoginToAmazon -->
