<?xml version="1.0" encoding="UTF-8"?>
<!-- Generated by org.testng.reporters.JUnitReportReporter -->
<testsuite hostname="Hanuman" failures="0" tests="4" name="TestClasses.TCLoginToAmazon" time="32.932" errors="0" timestamp="2025-07-09T22:34:11 IST" skipped="0">
  <testcase classname="TestClasses.TCLoginToAmazon" name="login" time="7.194"/>
  <system-out>
    <![CDATA[user is logged in]]>
  </system-out>
  <testcase classname="TestClasses.TCLoginToAmazon" name="addproducttocard" time="8.968"/>
  <system-out>
    <![CDATA[Produdct added to card]]>
  </system-out>
  <testcase classname="TestClasses.TCLoginToAmazon" name="addproducttocard" time="8.627"/>
  <system-out>
    <![CDATA[Produdct added to card]]>
  </system-out>
  <testcase classname="TestClasses.TCLoginToAmazon" name="addproducttocard" time="8.143"/>
  <system-out>
    <![CDATA[Produdct added to card]]>
  </system-out>
</testsuite> <!-- TestClasses.TCLoginToAmazon -->
