<?xml version="1.0" encoding="UTF-8"?>
<!-- Generated by org.testng.reporters.JUnitReportReporter -->
<testsuite hostname="Hanuman" failures="0" tests="2" name="TestClasses.TCLoginToAmazon" time="24.136" errors="0" timestamp="2025-07-03T23:10:47 IST" skipped="0">
  <testcase classname="TestClasses.TCLoginToAmazon" name="login" time="13.805"/>
  <system-out>
    <![CDATA[user is logged in]]>
  </system-out>
  <testcase classname="TestClasses.TCLoginToAmazon" name="addproducttocard" time="10.331"/>
  <system-out>
    <![CDATA[Produdct added to card]]>
  </system-out>
</testsuite> <!-- TestClasses.TCLoginToAmazon -->
