<?xml version="1.0" encoding="UTF-8"?>
<!-- Generated by org.testng.reporters.JUnitReportReporter -->
<testsuite hostname="Hanuman" failures="0" tests="1" name="TestClasses.LoginToAmazon" time="11.460" errors="0" timestamp="2025-06-19T21:56:01 IST" skipped="0">
  <testcase classname="TestClasses.LoginToAmazon" name="login" time="11.460"/>
</testsuite> <!-- TestClasses.LoginToAmazon -->
